<?xml version="1.0" encoding="UTF-8"?>
<testng-results skipped="0" failed="0" ignored="0" total="1" passed="1">
  <reporter-output>
  </reporter-output>
  <suite name="Default suite" duration-ms="163713" started-at="2020-09-10T15:20:28Z" finished-at="2020-09-10T15:23:11Z">
    <groups>
    </groups>
    <test name="Default test" duration-ms="163713" started-at="2020-09-10T15:20:28Z" finished-at="2020-09-10T15:23:11Z">
      <class name="MYFramework.LMSCatlogTest">
        <test-method status="PASS" signature="Setup()[pri:0, instance:MYFramework.LMSCatlogTest@70efb718]" name="Setup" is-config="true" duration-ms="47090" started-at="2020-09-10T20:50:28Z" finished-at="2020-09-10T20:51:15Z">
          <reporter-output>
          </reporter-output>
        </test-method> <!-- Setup -->
        <test-method status="PASS" signature="CreateCatlogueTest()[pri:0, instance:MYFramework.LMSCatlogTest@70efb718]" name="CreateCatlogueTest" duration-ms="115063" started-at="2020-09-10T20:51:15Z" finished-at="2020-09-10T20:53:10Z">
          <reporter-output>
          </reporter-output>
        </test-method> <!-- CreateCatlogueTest -->
        <test-method status="PASS" signature="Teardown()[pri:0, instance:MYFramework.LMSCatlogTest@70efb718]" name="Teardown" is-config="true" duration-ms="1047" started-at="2020-09-10T20:53:10Z" finished-at="2020-09-10T20:53:11Z">
          <reporter-output>
          </reporter-output>
        </test-method> <!-- Teardown -->
      </class> <!-- MYFramework.LMSCatlogTest -->
    </test> <!-- Default test -->
  </suite> <!-- Default suite -->
</testng-results>
