<?xml version="1.0" encoding="UTF-8"?>
<testng-results skipped="0" failed="0" ignored="0" total="1" passed="1">
  <reporter-output>
  </reporter-output>
  <suite name="Default suite" duration-ms="225686" started-at="2020-08-20T17:59:48Z" finished-at="2020-08-20T18:03:33Z">
    <groups>
    </groups>
    <test name="Default test" duration-ms="225686" started-at="2020-08-20T17:59:48Z" finished-at="2020-08-20T18:03:33Z">
      <class name="MYFramework.RequestForClassTest">
        <test-method status="PASS" signature="SetUp()[pri:0, instance:MYFramework.RequestForClassTest@3d3ba765]" name="SetUp" is-config="true" duration-ms="36147" started-at="2020-08-20T23:29:48Z" finished-at="2020-08-20T23:30:24Z">
          <reporter-output>
          </reporter-output>
        </test-method> <!-- SetUp -->
        <test-method status="PASS" signature="RequestTheClassTest()[pri:1, instance:MYFramework.RequestForClassTest@3d3ba765]" name="RequestTheClassTest" duration-ms="188871" started-at="2020-08-20T23:30:24Z" finished-at="2020-08-20T23:33:33Z">
          <reporter-output>
          </reporter-output>
        </test-method> <!-- RequestTheClassTest -->
      </class> <!-- MYFramework.RequestForClassTest -->
    </test> <!-- Default test -->
  </suite> <!-- Default suite -->
</testng-results>
