<?xml version="1.0" encoding="UTF-8"?>
<!-- Generated by org.testng.reporters.JUnitXMLReporter -->
<testsuite hostname="P2CLAP-G01L1VH" ignored="0" name="MyFramework" tests="5" failures="0" timestamp="23 Mar 2020 13:43:41 GMT" time="1044.5" errors="0">
  <testcase name="HomepageLogoTest" time="0.221" classname="test.HomePageTest"/>
  <testcase name="EnterMandetoryFieldTest" time="261.621" classname="test.CreateRequisitionTest"/>
  <testcase name="EnterMandetoryFieldTest" time="258.147" classname="test.CreateRequisitionTest"/>
  <testcase name="EnterMandetoryFieldTest" time="258.084" classname="test.CreateRequisitionTest"/>
  <testcase name="ProxywithUser" time="99.876" classname="test.HomePageTest"/>
</testsuite> <!-- MyFramework -->
